[2024-05-26 15:10:01][info][cpu.go:18 monitor/hardware.CPU] CPU usage: [3.333333]
[2024-05-26 15:10:01][info][cpu_test.go:10 monitor/hardware.TestCPU] [3.333333]
[2024-05-26 15:11:56][info][cpu.go:18 monitor/hardware.CPU] CPU usage: 11.197917
[2024-05-26 15:11:56][info][cpu_test.go:10 monitor/hardware.TestCPU] [11.197917]
[2024-05-26 15:12:29][info][cpu.go:18 monitor/hardware.CPU] CPU usage: 14.062500
[2024-05-26 15:12:29][info][cpu_test.go:10 monitor/hardware.TestCPU] [14.062500 1.562500 3.125000 0.000000 14.062500 3.125000]
[2024-05-26 15:13:36][info][cpu.go:18 monitor/hardware.CPU] CPU usage: [3.125000 10.937500 0.000000 3.076923 4.615385 9.375000]
[2024-05-26 15:13:36][info][cpu_test.go:10 monitor/hardware.TestCPU] [3.125000 10.937500 0.000000 3.076923 4.615385 9.375000]
[2024-05-26 15:14:35][info][cpu_test.go:10 monitor/hardware.TestCPU] [6.250000 9.230769 0.000000 1.562500 4.687500 9.375000]
[2024-05-26 15:16:05][info][cpu_test.go:10 monitor/hardware.TestCPU] 20.000000
[2024-05-26 15:16:36][debug][cpu.go:17 monitor/hardware.CPUPercent] [7.6923076923076925 4.6875 1.5625 0 1.5625 1.5625]
[2024-05-26 15:16:36][info][cpu_test.go:10 monitor/hardware.TestCPU] 17.067308
[2024-05-26 15:17:02][debug][cpu.go:17 monitor/hardware.CPUPercent] [9.230769230769232 3.125 0 0 0 3.076923076923077]
[2024-05-26 15:17:02][info][cpu_test.go:10 monitor/hardware.TestCPU] 15.432692.2
[2024-05-26 15:17:53][debug][cpu.go:17 monitor/hardware.CPUPercent] [0 4.6875 4.761904761904762 0 6.153846153846154 1.5625]
[2024-05-26 15:17:53][info][cpu_test.go:10 monitor/hardware.TestCPU] 17.17
[2024-05-26 15:18:36][debug][cpu.go:17 monitor/hardware.CPUPercent] [15.625 6.25 1.5625 4.6875 3.125 6.25]
[2024-05-26 15:18:36][info][cpu_test.go:10 monitor/hardware.TestCPU] 37.50%
[2024-05-26 15:19:00][debug][cpu.go:17 monitor/hardware.CPUPercent] [7.8125 9.375 3.076923076923077 4.615384615384616 3.125 6.25]
[2024-05-26 15:19:00][info][cpu_test.go:10 monitor/hardware.TestCPU] 34.3%
[2024-05-26 15:23:28][debug][cpu.go:18 monitor/hardware.CPUPercent] [0 7.6923076923076925 7.6923076923076925 1.5384615384615385 3.076923076923077 10.76923076923077]
[2024-05-26 15:23:28][info][cpu_test.go:11 monitor/hardware.TestCPU] 38.5C
[2024-05-26 15:23:28][info][cpu_test.go:12 monitor/hardware.TestCPU] 30.8%
[2024-05-26 15:24:23][debug][cpu.go:18 monitor/hardware.CPUPercent] [4.6875 3.076923076923077 3.125 10.76923076923077 34.375 13.846153846153847]
[2024-05-26 15:24:23][info][cpu_test.go:11 monitor/hardware.TestCPU] CPU占用 69.9%
[2024-05-26 15:24:23][info][cpu_test.go:12 monitor/hardware.TestCPU] CPU温度 38.5C
[2024-05-26 15:30:33][debug][cpu.go:18 monitor/hardware.CPUPercent] [10.606060606060606 4.615384615384616 1.5384615384615385 7.6923076923076925 4.615384615384616 18.461538461538463]
[2024-05-26 15:30:33][info][cpu_test.go:11 monitor/hardware.TestCPU] CPU占用 47.5%
[2024-05-26 15:30:33][info][cpu_test.go:12 monitor/hardware.TestCPU] CPU温度 38.5C
[2024-05-26 15:38:40][debug][cpu.go:18 monitor/hardware.CPUPercent] [7.6923076923076925 18.461538461538463 0 0 1.5384615384615385 1.5625]
[2024-05-26 15:38:40][error][cpu.go:41 monitor/hardware.CUPTemp] exit status 0x80041003
[2024-05-26 15:38:40][info][cpu_test.go:11 monitor/hardware.TestCPU] CPU占用 29.3%
[2024-05-26 15:38:40][info][cpu_test.go:12 monitor/hardware.TestCPU] CPU温度 0.0C
[2024-05-26 15:47:29][debug][cpu.go:19 monitor/hardware.CPUPercent] [15.625 3.125 3.125 1.5625 1.5625 3.125]
[2024-05-26 15:47:30][error][cpu.go:42 monitor/hardware.CUPTemp] exit status 1
[2024-05-26 15:47:30][info][cpu_test.go:11 monitor/hardware.TestCPU] CPU占用 28.1%
[2024-05-26 15:47:30][info][cpu_test.go:12 monitor/hardware.TestCPU] CPU温度 0.0C
[2024-05-26 16:07:11][info][disk.go:28 monitor/hardware.Disk] C:
[2024-05-26 16:18:47][info][disk.go:30 monitor/hardware.Disk] C:
[2024-05-26 16:28:47][debug][cpu.go:19 monitor/hardware.CPUPercent] [7.575757575757576 18.461538461538463 1.5384615384615385 7.6923076923076925 1.5384615384615385 6.153846153846154]
[2024-05-26 16:28:47][error][cpu.go:42 monitor/hardware.CUPTemp] exit status 1
[2024-05-26 16:28:47][info][cpu_test.go:11 monitor/hardware.TestCPU] CPU占用 43.0%
[2024-05-26 16:28:47][info][cpu_test.go:12 monitor/hardware.TestCPU] CPU温度 0.0C
[2024-05-26 16:30:00][debug][cpu.go:20 monitor/hardware.CPUPercent] [18.75 3.125 9.375 3.125 6.153846153846154 1.5873015873015872]
[2024-05-26 16:30:00][info][cpu_test.go:11 monitor/hardware.TestCPU] CPU占用 42.1%
[2024-05-26 16:30:00][info][cpu_test.go:12 monitor/hardware.TestCPU] CPU温度 0.0C
[2024-05-26 16:30:11][debug][cpu.go:20 monitor/hardware.CPUPercent] [9.230769230769232 1.5625 0 1.5625 6.25 1.5625]
[2024-05-26 16:30:11][info][cpu_test.go:11 monitor/hardware.TestCPU] CPU占用 20.2%
[2024-05-26 16:30:11][info][cpu_test.go:12 monitor/hardware.TestCPU] CPU温度 0.0C
[2024-05-26 16:31:00][debug][cpu.go:20 monitor/hardware.CPUPercent] [3.125 4.6875 1.5625 1.5625 20.3125 4.6875]
[2024-05-26 16:31:11][info][cpu_test.go:11 monitor/hardware.TestCPU] CPU占用 35.9%
[2024-05-26 16:31:11][info][cpu_test.go:12 monitor/hardware.TestCPU] CPU温度 0.0C
[2024-05-26 16:31:20][debug][cpu.go:20 monitor/hardware.CPUPercent] [18.75 20 20.3125 51.5625 20.3125 29.230769230769234]
[2024-05-26 16:32:44][info][cpu_test.go:11 monitor/hardware.TestCPU] CPU占用 160.2%
[2024-05-26 16:32:44][info][cpu_test.go:12 monitor/hardware.TestCPU] CPU温度 38.6C
[2024-05-26 16:32:53][debug][cpu.go:20 monitor/hardware.CPUPercent] [21.21212121212121 1.5625 1.5625 6.25 9.375 7.8125]
[2024-05-26 16:32:55][info][cpu_test.go:11 monitor/hardware.TestCPU] CPU占用 47.8%
[2024-05-26 16:32:55][info][cpu_test.go:12 monitor/hardware.TestCPU] CPU温度 37.9C
[2024-05-26 17:06:04][debug][cpu.go:20 monitor/hardware.CPUPercent] [1.5384615384615385 0 12.121212121212121 0 0 0]
[2024-05-26 17:06:04][info][cpu_test.go:11 monitor/hardware.TestCPU] CPU占用 13.7%
[2024-05-26 17:06:04][info][cpu_test.go:12 monitor/hardware.TestCPU] CPU温度 37.4C
[2024-05-26 17:21:44][debug][cpu.go:23 monitor/hardware.CPUPercent] [1.5625 1.5625 0 3.125 0 1.5625]
[2024-05-26 17:21:44][info][cpu_test.go:10 monitor/hardware.TestCPU] 7.8%, 36.3C
[2024-05-26 17:27:06][debug][cpu.go:23 monitor/hardware.CPUPercent] [10.76923076923077 3.125 4.6875 3.125 0 4.6875]
[2024-05-26 17:27:06][info][cpu_test.go:10 monitor/hardware.TestCPU] 26.4%, 39.0C
[2024-05-26 17:27:34][info][cpu_test.go:10 monitor/hardware.TestCPU] 29.0%, 38.6C
